> Task :common:compileJava UP-TO-DATE
> Task :common:processResources NO-SOURCE
> Task :common:classes UP-TO-DATE
> Task :common:jar UP-TO-DATE
> Task :spes:compileJava UP-TO-DATE
> Task :spes:processResources NO-SOURCE
> Task :spes:classes UP-TO-DATE
> Task :spes:jar UP-TO-DATE
> Task :sql:antlrMysql
> Task :sql:copyMysql NO-SOURCE
> Task :sql:antlrPg
> Task :sql:copyPg NO-SOURCE
> Task :sql:compileJava UP-TO-DATE
> Task :sql:processResources UP-TO-DATE
> Task :sql:classes UP-TO-DATE
> Task :sql:jar UP-TO-DATE
> Task :stmt:compileJava UP-TO-DATE
> Task :stmt:processResources UP-TO-DATE
> Task :stmt:classes UP-TO-DATE
> Task :stmt:jar UP-TO-DATE
> Task :superopt:compileJava
> Task :superopt:processResources UP-TO-DATE
> Task :superopt:classes

> Task :superopt:run FAILED
15 actionable tasks: 4 executed, 11 up-to-date
> Task :common:compileJava UP-TO-DATE
> Task :common:processResources NO-SOURCE
> Task :common:classes UP-TO-DATE
> Task :common:jar UP-TO-DATE
> Task :spes:compileJava UP-TO-DATE
> Task :spes:processResources NO-SOURCE
> Task :spes:classes UP-TO-DATE
> Task :spes:jar UP-TO-DATE
> Task :sql:antlrMysql
> Task :sql:copyMysql NO-SOURCE
> Task :sql:antlrPg
> Task :sql:copyPg NO-SOURCE
> Task :sql:compileJava UP-TO-DATE
> Task :sql:processResources UP-TO-DATE
> Task :sql:classes UP-TO-DATE
> Task :sql:jar UP-TO-DATE
> Task :stmt:compileJava UP-TO-DATE
> Task :stmt:processResources UP-TO-DATE
> Task :stmt:classes UP-TO-DATE
> Task :stmt:jar UP-TO-DATE
> Task :superopt:compileJava UP-TO-DATE
> Task :superopt:processResources UP-TO-DATE
> Task :superopt:classes UP-TO-DATE

> Task :superopt:run FAILED
15 actionable tasks: 3 executed, 12 up-to-date
> Task :common:compileJava UP-TO-DATE
> Task :common:processResources NO-SOURCE
> Task :common:classes UP-TO-DATE
> Task :common:jar UP-TO-DATE
> Task :spes:compileJava UP-TO-DATE
> Task :spes:processResources NO-SOURCE
> Task :spes:classes UP-TO-DATE
> Task :spes:jar UP-TO-DATE
> Task :sql:antlrMysql
> Task :sql:copyMysql NO-SOURCE
> Task :sql:antlrPg
> Task :sql:copyPg NO-SOURCE
> Task :sql:compileJava UP-TO-DATE
> Task :sql:processResources UP-TO-DATE
> Task :sql:classes UP-TO-DATE
> Task :sql:jar UP-TO-DATE
> Task :stmt:compileJava UP-TO-DATE
> Task :stmt:processResources UP-TO-DATE
> Task :stmt:classes UP-TO-DATE
> Task :stmt:jar UP-TO-DATE
> Task :superopt:compileJava UP-TO-DATE
> Task :superopt:processResources UP-TO-DATE
> Task :superopt:classes UP-TO-DATE

> Task :superopt:run FAILED
15 actionable tasks: 3 executed, 12 up-to-date
> Task :common:compileJava UP-TO-DATE
> Task :common:processResources NO-SOURCE
> Task :common:classes UP-TO-DATE
> Task :common:jar UP-TO-DATE
> Task :spes:compileJava UP-TO-DATE
> Task :spes:processResources NO-SOURCE
> Task :spes:classes UP-TO-DATE
> Task :spes:jar UP-TO-DATE
> Task :sql:antlrMysql
> Task :sql:copyMysql NO-SOURCE
> Task :sql:antlrPg
> Task :sql:copyPg NO-SOURCE
> Task :sql:compileJava UP-TO-DATE
> Task :sql:processResources UP-TO-DATE
> Task :sql:classes UP-TO-DATE
> Task :sql:jar UP-TO-DATE
> Task :stmt:compileJava UP-TO-DATE
> Task :stmt:processResources UP-TO-DATE
> Task :stmt:classes UP-TO-DATE
> Task :stmt:jar UP-TO-DATE
> Task :superopt:compileJava UP-TO-DATE
> Task :superopt:processResources UP-TO-DATE
> Task :superopt:classes UP-TO-DATE

> Task :superopt:run FAILED
15 actionable tasks: 3 executed, 12 up-to-date
> Task :common:compileJava UP-TO-DATE
> Task :common:processResources NO-SOURCE
> Task :common:classes UP-TO-DATE
> Task :common:jar UP-TO-DATE
> Task :spes:compileJava UP-TO-DATE
> Task :spes:processResources NO-SOURCE
> Task :spes:classes UP-TO-DATE
> Task :spes:jar UP-TO-DATE
> Task :sql:antlrMysql
> Task :sql:copyMysql NO-SOURCE
> Task :sql:antlrPg
> Task :sql:copyPg NO-SOURCE
> Task :sql:compileJava UP-TO-DATE
> Task :sql:processResources UP-TO-DATE
> Task :sql:classes UP-TO-DATE
> Task :sql:jar UP-TO-DATE
> Task :stmt:compileJava UP-TO-DATE
> Task :stmt:processResources UP-TO-DATE
> Task :stmt:classes UP-TO-DATE
> Task :stmt:jar UP-TO-DATE
> Task :superopt:compileJava UP-TO-DATE
> Task :superopt:processResources UP-TO-DATE
> Task :superopt:classes UP-TO-DATE

> Task :superopt:run FAILED
15 actionable tasks: 3 executed, 12 up-to-date
> Task :common:compileJava UP-TO-DATE
> Task :common:processResources NO-SOURCE
> Task :common:classes UP-TO-DATE
> Task :common:jar UP-TO-DATE
> Task :spes:compileJava UP-TO-DATE
> Task :spes:processResources NO-SOURCE
> Task :spes:classes UP-TO-DATE
> Task :spes:jar UP-TO-DATE
> Task :sql:antlrMysql
> Task :sql:copyMysql NO-SOURCE
> Task :sql:antlrPg
> Task :sql:copyPg NO-SOURCE
> Task :sql:compileJava UP-TO-DATE
> Task :sql:processResources UP-TO-DATE
> Task :sql:classes UP-TO-DATE
> Task :sql:jar UP-TO-DATE
> Task :stmt:compileJava UP-TO-DATE
> Task :stmt:processResources UP-TO-DATE
> Task :stmt:classes UP-TO-DATE
> Task :stmt:jar UP-TO-DATE
> Task :superopt:compileJava UP-TO-DATE
> Task :superopt:processResources UP-TO-DATE
> Task :superopt:classes UP-TO-DATE

> Task :superopt:run FAILED
15 actionable tasks: 3 executed, 12 up-to-date
> Task :common:compileJava UP-TO-DATE
> Task :common:processResources NO-SOURCE
> Task :common:classes UP-TO-DATE
> Task :common:jar UP-TO-DATE
> Task :spes:compileJava UP-TO-DATE
> Task :spes:processResources NO-SOURCE
> Task :spes:classes UP-TO-DATE
> Task :spes:jar UP-TO-DATE
> Task :sql:antlrMysql
> Task :sql:copyMysql NO-SOURCE
> Task :sql:antlrPg
> Task :sql:copyPg NO-SOURCE
> Task :sql:compileJava UP-TO-DATE
> Task :sql:processResources UP-TO-DATE
> Task :sql:classes UP-TO-DATE
> Task :sql:jar UP-TO-DATE
> Task :stmt:compileJava UP-TO-DATE
> Task :stmt:processResources UP-TO-DATE
> Task :stmt:classes UP-TO-DATE
> Task :stmt:jar UP-TO-DATE
> Task :superopt:compileJava UP-TO-DATE
> Task :superopt:processResources UP-TO-DATE
> Task :superopt:classes UP-TO-DATE

> Task :superopt:run FAILED
15 actionable tasks: 3 executed, 12 up-to-date
